<?xml version="1.0" encoding="UTF-8"?>
<!-- Generated by org.testng.reporters.JUnitReportReporter -->
<testsuite skipped="0" hostname="DESKTOP-ETTJPTC" name="com.amazon.qa.testcases.ElementpageTest" tests="1" failures="0" timestamp="2020-01-25T22:47:33 PST" time="50.939" errors="0">
  <testcase name="ElementAdd" time="50.939" classname="com.amazon.qa.testcases.ElementpageTest"/>
</testsuite> <!-- com.amazon.qa.testcases.ElementpageTest -->
