<?xml version="1.0" encoding="UTF-8"?>
<!-- Generated by org.testng.reporters.JUnitReportReporter -->
<testsuite skipped="0" hostname="DESKTOP-ETTJPTC" name="com.amazon.qa.testcases.Homepagetest" tests="2" failures="0" timestamp="2020-01-24T22:49:27 PST" time="59.796" errors="0">
  <testcase name="verifyAmazonlabelTest" time="25.491" classname="com.amazon.qa.testcases.Homepagetest"/>
  <testcase name="searchtext" time="34.305" classname="com.amazon.qa.testcases.Homepagetest"/>
</testsuite> <!-- com.amazon.qa.testcases.Homepagetest -->
