<?xml version="1.0" encoding="UTF-8"?>
<!-- Generated by org.testng.reporters.JUnitReportReporter -->
<testsuite skipped="0" hostname="DESKTOP-ETTJPTC" name="com.amazon.qa.testcases.Loginpagetest" tests="1" failures="0" timestamp="2020-01-23T23:31:03 PST" time="23.467" errors="0">
  <testcase name="Loginmethod" time="23.467" classname="com.amazon.qa.testcases.Loginpagetest"/>
</testsuite> <!-- com.amazon.qa.testcases.Loginpagetest -->
